[22:09:11.241][BHOLAS][main][INFO ][c.e.demo.SpringBootDemoApplication.main:17]{[START]}
[22:09:13.668][BHOLAS][main][INFO ][o.s.boot.StartupInfoLogger.logStarting:50]{Starting SpringBootDemoApplication on BHOLAS with PID 17112 (C:\Users\BHOLAS\workspace\springBootDemo\target\classes started by BHOLAS in C:\Users\BHOLAS\workspace\springBootDemo)}
[22:09:13.669][BHOLAS][main][INFO ][o.s.boot.SpringApplication.logStartupProfileInfo:659]{No active profile set, falling back to default profiles: default}
[22:09:13.740][BHOLAS][main][INFO ][o.s.c.s.AbstractApplicationContext.prepareRefresh:590]{Refreshing org.springframework.boot.web.servlet.context.AnnotationConfigServletWebServerApplicationContext@18d1062: startup date [Wed Jan 30 22:09:13 IST 2019]; root of context hierarchy}
[22:09:15.918][BHOLAS][main][INFO ][o.s.b.w.e.tomcat.TomcatWebServer.initialize:91]{Tomcat initialized with port(s): 8001 (http)}
[22:09:15.951][BHOLAS][main][INFO ][org.apache.juli.logging.DirectJDKLog.log:180]{Initializing ProtocolHandler ["http-nio-8001"]}
[22:09:15.965][BHOLAS][main][INFO ][org.apache.juli.logging.DirectJDKLog.log:180]{Starting service [Tomcat]}
[22:09:15.965][BHOLAS][main][INFO ][org.apache.juli.logging.DirectJDKLog.log:180]{Starting Servlet Engine: Apache Tomcat/8.5.31}
[22:09:15.985][BHOLAS][localhost-startStop-1][INFO ][org.apache.juli.logging.DirectJDKLog.log:180]{The APR based Apache Tomcat Native library which allows optimal performance in production environments was not found on the java.library.path: [c:\Program Files (x86)\java\jdk1.8.0_45\bin;C:\WINDOWS\Sun\Java\bin;C:\WINDOWS\system32;C:\WINDOWS;C:/Program Files (x86)/Java/jre1.8.0_181/bin/client;C:/Program Files (x86)/Java/jre1.8.0_181/bin;C:/Program Files (x86)/Java/jre1.8.0_181/lib/i386;C:\Program Files (x86)\Common Files\Oracle\Java\javapath;C:\Program Files\Broadcom\Broadcom 802.11;C:\OracleXE\app\oracle\product\11.2.0\server\bin;C:\ProgramData\Oracle\Java\javapath;C:\Program Files (x86)\Intel\iCLS Client\;C:\Program Files\Intel\iCLS Client\;C:\Windows\System32;C:\Windows;C:\Windows\System32\wbem;C:\Windows\System32\WindowsPowerShell\v1.0\;C:\Program Files\Hewlett-Packard\SimplePass\;C:\Program Files\Intel\Intel(R) Management Engine Components\DAL;C:\Program Files\Intel\Intel(R) Management Engine Components\IPT;C:\Program Files (x86)\Intel\Intel(R) Management Engine Components\DAL;C:\Program Files (x86)\Intel\Intel(R) Management Engine Components\IPT;C:\Program Files (x86)\FarStone\VIRTUA~1;C:\Program Files (x86)\FarStone\VirtualDrive\VDP;C:\Program Files (x86)\FarStone\VIRTUA~1\DVDCRE~1;C:\Program Files (x86)\QuickTime\QTSystem\;C:\Program Files (x86)\NVIDIA Corporation\PhysX\Common;C:\Program Files\MongoDB\Server\3.0\bin\;C:\Program Files\apache-maven-3.3.3\bin;C:\Program Files (x86)\Java\jdk1.8.0_45\bin;C:\Users\BHOLAS\AppData\Roaming\Cloud Foundry;C:\Program Files\Git\cmd;C:\Program Files (x86)\Skype\Phone\;C:\WINDOWS\system32;C:\WINDOWS;C:\WINDOWS\System32\Wbem;C:\WINDOWS\System32\WindowsPowerShell\v1.0\;C:\WINDOWS\System32\OpenSSH\;C:\Program Files (x86)\Java\jdk1.8.0_45;C:\Users\BHOLAS\AppData\Local\Microsoft\WindowsApps;C:\Program Files\Docker Toolbox;C:\Users\BHOLAS\Documents\TOOLS\pivotal-gemfire-9.3.0\bin\;;C:\Program Files (x86)\Eclipse\eclipse-jee-oxygen-M2-win32\eclipse;;.]}
[22:09:16.183][BHOLAS][localhost-startStop-1][INFO ][org.apache.juli.logging.DirectJDKLog.log:180]{Initializing Spring embedded WebApplicationContext}
[22:09:16.184][BHOLAS][localhost-startStop-1][INFO ][o.s.b.w.s.c.ServletWebServerApplicationContext.prepareWebApplicationContext:285]{Root WebApplicationContext: initialization completed in 2444 ms}
[22:09:16.434][BHOLAS][localhost-startStop-1][INFO ][o.s.b.w.s.ServletRegistrationBean.addRegistration:185]{Servlet dispatcherServlet mapped to [/]}
[22:09:16.444][BHOLAS][localhost-startStop-1][INFO ][o.s.b.w.s.AbstractFilterRegistrationBean.configure:244]{Mapping filter: 'characterEncodingFilter' to: [/*]}
[22:09:16.445][BHOLAS][localhost-startStop-1][INFO ][o.s.b.w.s.AbstractFilterRegistrationBean.configure:244]{Mapping filter: 'hiddenHttpMethodFilter' to: [/*]}
[22:09:16.445][BHOLAS][localhost-startStop-1][INFO ][o.s.b.w.s.AbstractFilterRegistrationBean.configure:244]{Mapping filter: 'httpPutFormContentFilter' to: [/*]}
[22:09:16.445][BHOLAS][localhost-startStop-1][INFO ][o.s.b.w.s.AbstractFilterRegistrationBean.configure:244]{Mapping filter: 'requestContextFilter' to: [/*]}
[22:09:16.666][BHOLAS][main][INFO ][o.s.w.s.h.AbstractUrlHandlerMapping.registerHandler:373]{Mapped URL path [/**/favicon.ico] onto handler of type [class org.springframework.web.servlet.resource.ResourceHttpRequestHandler]}
[22:09:17.022][BHOLAS][main][INFO ][o.s.w.s.m.m.a.RequestMappingHandlerAdapter.initControllerAdviceCache:574]{Looking for @ControllerAdvice: org.springframework.boot.web.servlet.context.AnnotationConfigServletWebServerApplicationContext@18d1062: startup date [Wed Jan 30 22:09:13 IST 2019]; root of context hierarchy}
[22:09:17.217][BHOLAS][main][INFO ][o.s.w.s.h.AbstractHandlerMethodMapping$MappingRegistry.register:547]{Mapped "{[/hello/{nm}],methods=[GET],produces=[text/plain]}" onto public org.springframework.http.ResponseEntity<java.lang.String> com.example.demo.controller.MyHello.sayHello(java.lang.String)}
[22:09:17.224][BHOLAS][main][INFO ][o.s.w.s.h.AbstractHandlerMethodMapping$MappingRegistry.register:547]{Mapped "{[/error]}" onto public org.springframework.http.ResponseEntity<java.util.Map<java.lang.String, java.lang.Object>> org.springframework.boot.autoconfigure.web.servlet.error.BasicErrorController.error(javax.servlet.http.HttpServletRequest)}
[22:09:17.225][BHOLAS][main][INFO ][o.s.w.s.h.AbstractHandlerMethodMapping$MappingRegistry.register:547]{Mapped "{[/error],produces=[text/html]}" onto public org.springframework.web.servlet.ModelAndView org.springframework.boot.autoconfigure.web.servlet.error.BasicErrorController.errorHtml(javax.servlet.http.HttpServletRequest,javax.servlet.http.HttpServletResponse)}
[22:09:17.258][BHOLAS][main][INFO ][o.s.w.s.h.AbstractUrlHandlerMapping.registerHandler:373]{Mapped URL path [/webjars/**] onto handler of type [class org.springframework.web.servlet.resource.ResourceHttpRequestHandler]}
[22:09:17.258][BHOLAS][main][INFO ][o.s.w.s.h.AbstractUrlHandlerMapping.registerHandler:373]{Mapped URL path [/**] onto handler of type [class org.springframework.web.servlet.resource.ResourceHttpRequestHandler]}
[22:09:17.346][BHOLAS][main][INFO ][o.s.b.a.w.s.WelcomePageHandlerMapping.<init>:56]{Adding welcome page: class path resource [public/index.html]}
[22:09:17.501][BHOLAS][main][INFO ][o.s.jmx.export.MBeanExporter.afterSingletonsInstantiated:433]{Registering beans for JMX exposure on startup}
[22:09:17.523][BHOLAS][main][INFO ][org.apache.juli.logging.DirectJDKLog.log:180]{Starting ProtocolHandler ["http-nio-8001"]}
[22:09:19.818][BHOLAS][main][INFO ][org.apache.juli.logging.DirectJDKLog.log:180]{Using a shared selector for servlet write/read}
[22:09:19.844][BHOLAS][main][INFO ][o.s.b.w.e.tomcat.TomcatWebServer.start:206]{Tomcat started on port(s): 8001 (http) with context path ''}
[22:09:19.851][BHOLAS][main][INFO ][o.s.boot.StartupInfoLogger.logStarted:59]{Started SpringBootDemoApplication in 8.235 seconds (JVM running for 9.561)}
[22:09:19.861][BHOLAS][main][INFO ][c.e.demo.SpringBootDemoApplication.main:23]{[END]}
[23:08:07.602][BHOLAS][main][INFO ][c.e.demo.SpringBootDemoApplication.main:17]{[START]}
[23:08:12.719][BHOLAS][main][INFO ][o.s.boot.StartupInfoLogger.logStarting:50]{Starting SpringBootDemoApplication on BHOLAS with PID 11812 (C:\Users\BHOLAS\workspace\springBootDemo\target\classes started by BHOLAS in C:\Users\BHOLAS\workspace\springBootDemo)}
[23:08:12.720][BHOLAS][main][INFO ][o.s.boot.SpringApplication.logStartupProfileInfo:659]{No active profile set, falling back to default profiles: default}
[23:08:14.003][BHOLAS][main][INFO ][o.s.c.s.AbstractApplicationContext.prepareRefresh:590]{Refreshing org.springframework.boot.web.servlet.context.AnnotationConfigServletWebServerApplicationContext@6653e6: startup date [Wed Jan 30 23:08:14 IST 2019]; root of context hierarchy}
[23:08:25.382][BHOLAS][main][INFO ][o.s.b.w.e.tomcat.TomcatWebServer.initialize:91]{Tomcat initialized with port(s): 8001 (http)}
[23:08:25.552][BHOLAS][main][INFO ][org.apache.juli.logging.DirectJDKLog.log:180]{Initializing ProtocolHandler ["http-nio-8001"]}
[23:08:25.726][BHOLAS][main][INFO ][org.apache.juli.logging.DirectJDKLog.log:180]{Starting service [Tomcat]}
[23:08:25.726][BHOLAS][main][INFO ][org.apache.juli.logging.DirectJDKLog.log:180]{Starting Servlet Engine: Apache Tomcat/8.5.31}
[23:08:26.002][BHOLAS][localhost-startStop-1][INFO ][org.apache.juli.logging.DirectJDKLog.log:180]{The APR based Apache Tomcat Native library which allows optimal performance in production environments was not found on the java.library.path: [c:\Program Files (x86)\java\jdk1.8.0_45\bin;C:\WINDOWS\Sun\Java\bin;C:\WINDOWS\system32;C:\WINDOWS;c:\Program Files (x86)\java\jdk1.8.0_45\jre\bin;C:/Program Files (x86)/Java/jre1.8.0_181/bin/client;C:/Program Files (x86)/Java/jre1.8.0_181/bin;C:/Program Files (x86)/Java/jre1.8.0_181/lib/i386;C:\Program Files (x86)\Common Files\Oracle\Java\javapath;C:\Program Files\Broadcom\Broadcom 802.11;C:\OracleXE\app\oracle\product\11.2.0\server\bin;C:\ProgramData\Oracle\Java\javapath;C:\Program Files (x86)\Intel\iCLS Client\;C:\Program Files\Intel\iCLS Client\;C:\Windows\System32;C:\Windows;C:\Windows\System32\wbem;C:\Windows\System32\WindowsPowerShell\v1.0\;C:\Program Files\Hewlett-Packard\SimplePass\;C:\Program Files\Intel\Intel(R) Management Engine Components\DAL;C:\Program Files\Intel\Intel(R) Management Engine Components\IPT;C:\Program Files (x86)\Intel\Intel(R) Management Engine Components\DAL;C:\Program Files (x86)\Intel\Intel(R) Management Engine Components\IPT;C:\Program Files (x86)\FarStone\VIRTUA~1;C:\Program Files (x86)\FarStone\VirtualDrive\VDP;C:\Program Files (x86)\FarStone\VIRTUA~1\DVDCRE~1;C:\Program Files (x86)\QuickTime\QTSystem\;C:\Program Files (x86)\NVIDIA Corporation\PhysX\Common;C:\Program Files\MongoDB\Server\3.0\bin\;C:\Program Files\apache-maven-3.3.3\bin;C:\Program Files (x86)\Java\jdk1.8.0_45\bin;C:\Users\BHOLAS\AppData\Roaming\Cloud Foundry;C:\Program Files\Git\cmd;C:\Program Files (x86)\Skype\Phone\;C:\WINDOWS\system32;C:\WINDOWS;C:\WINDOWS\System32\Wbem;C:\WINDOWS\System32\WindowsPowerShell\v1.0\;C:\WINDOWS\System32\OpenSSH\;C:\Program Files (x86)\Java\jdk1.8.0_45;C:\Users\BHOLAS\AppData\Local\Microsoft\WindowsApps;C:\Program Files\Docker Toolbox;C:\Users\BHOLAS\Documents\TOOLS\pivotal-gemfire-9.3.0\bin\;;C:\Program Files (x86)\Eclipse\eclipse-jee-oxygen-M2-win32\eclipse;;.]}
[23:08:28.538][BHOLAS][localhost-startStop-1][INFO ][org.apache.juli.logging.DirectJDKLog.log:180]{Initializing Spring embedded WebApplicationContext}
[23:08:28.539][BHOLAS][localhost-startStop-1][INFO ][o.s.b.w.s.c.ServletWebServerApplicationContext.prepareWebApplicationContext:285]{Root WebApplicationContext: initialization completed in 14537 ms}
[23:08:28.881][BHOLAS][localhost-startStop-1][INFO ][o.s.b.w.s.ServletRegistrationBean.addRegistration:185]{Servlet dispatcherServlet mapped to [/]}
[23:08:28.887][BHOLAS][localhost-startStop-1][INFO ][o.s.b.w.s.AbstractFilterRegistrationBean.configure:244]{Mapping filter: 'characterEncodingFilter' to: [/*]}
[23:08:28.888][BHOLAS][localhost-startStop-1][INFO ][o.s.b.w.s.AbstractFilterRegistrationBean.configure:244]{Mapping filter: 'hiddenHttpMethodFilter' to: [/*]}
[23:08:28.888][BHOLAS][localhost-startStop-1][INFO ][o.s.b.w.s.AbstractFilterRegistrationBean.configure:244]{Mapping filter: 'httpPutFormContentFilter' to: [/*]}
[23:08:28.888][BHOLAS][localhost-startStop-1][INFO ][o.s.b.w.s.AbstractFilterRegistrationBean.configure:244]{Mapping filter: 'requestContextFilter' to: [/*]}
[23:08:32.599][BHOLAS][main][INFO ][o.s.w.s.h.AbstractUrlHandlerMapping.registerHandler:373]{Mapped URL path [/**/favicon.ico] onto handler of type [class org.springframework.web.servlet.resource.ResourceHttpRequestHandler]}
[23:08:33.383][BHOLAS][main][INFO ][o.s.w.s.m.m.a.RequestMappingHandlerAdapter.initControllerAdviceCache:574]{Looking for @ControllerAdvice: org.springframework.boot.web.servlet.context.AnnotationConfigServletWebServerApplicationContext@6653e6: startup date [Wed Jan 30 23:08:14 IST 2019]; root of context hierarchy}
[23:08:33.695][BHOLAS][main][INFO ][o.s.w.s.h.AbstractHandlerMethodMapping$MappingRegistry.register:547]{Mapped "{[/hello/{nm}],methods=[GET],produces=[text/plain]}" onto public org.springframework.http.ResponseEntity<java.lang.String> com.example.demo.controller.MyHello.sayHello(java.lang.String)}
[23:08:33.709][BHOLAS][main][INFO ][o.s.w.s.h.AbstractHandlerMethodMapping$MappingRegistry.register:547]{Mapped "{[/error]}" onto public org.springframework.http.ResponseEntity<java.util.Map<java.lang.String, java.lang.Object>> org.springframework.boot.autoconfigure.web.servlet.error.BasicErrorController.error(javax.servlet.http.HttpServletRequest)}
[23:08:33.710][BHOLAS][main][INFO ][o.s.w.s.h.AbstractHandlerMethodMapping$MappingRegistry.register:547]{Mapped "{[/error],produces=[text/html]}" onto public org.springframework.web.servlet.ModelAndView org.springframework.boot.autoconfigure.web.servlet.error.BasicErrorController.errorHtml(javax.servlet.http.HttpServletRequest,javax.servlet.http.HttpServletResponse)}
[23:08:33.757][BHOLAS][main][INFO ][o.s.w.s.h.AbstractUrlHandlerMapping.registerHandler:373]{Mapped URL path [/webjars/**] onto handler of type [class org.springframework.web.servlet.resource.ResourceHttpRequestHandler]}
[23:08:33.758][BHOLAS][main][INFO ][o.s.w.s.h.AbstractUrlHandlerMapping.registerHandler:373]{Mapped URL path [/**] onto handler of type [class org.springframework.web.servlet.resource.ResourceHttpRequestHandler]}
[23:08:33.932][BHOLAS][main][INFO ][o.s.b.a.w.s.WelcomePageHandlerMapping.<init>:56]{Adding welcome page: class path resource [public/index.html]}
[23:08:34.432][BHOLAS][main][INFO ][o.s.jmx.export.MBeanExporter.afterSingletonsInstantiated:433]{Registering beans for JMX exposure on startup}
[23:08:34.475][BHOLAS][main][INFO ][org.apache.juli.logging.DirectJDKLog.log:180]{Starting ProtocolHandler ["http-nio-8001"]}
[23:08:34.526][BHOLAS][main][INFO ][org.apache.juli.logging.DirectJDKLog.log:180]{Using a shared selector for servlet write/read}
[23:08:34.636][BHOLAS][main][INFO ][o.s.b.w.e.tomcat.TomcatWebServer.start:206]{Tomcat started on port(s): 8001 (http) with context path ''}
[23:08:34.653][BHOLAS][main][INFO ][o.s.boot.StartupInfoLogger.logStarted:59]{Started SpringBootDemoApplication in 24.009 seconds (JVM running for 34.227)}
[23:08:34.671][BHOLAS][main][INFO ][c.e.demo.SpringBootDemoApplication.main:23]{[END]}
[23:18:57.886][BHOLAS][http-nio-8001-exec-10][INFO ][org.apache.juli.logging.DirectJDKLog.log:180]{Initializing Spring FrameworkServlet 'dispatcherServlet'}
[23:18:57.887][BHOLAS][http-nio-8001-exec-10][INFO ][o.s.web.servlet.FrameworkServlet.initServletBean:494]{FrameworkServlet 'dispatcherServlet': initialization started}
[23:18:58.160][BHOLAS][http-nio-8001-exec-10][INFO ][o.s.web.servlet.FrameworkServlet.initServletBean:509]{FrameworkServlet 'dispatcherServlet': initialization completed in 273 ms}
[23:19:43.014][BHOLAS][http-nio-8001-exec-10][INFO ][com.example.demo.controller.MyHello.sayHello:22]{[START]}
[23:19:43.018][BHOLAS][http-nio-8001-exec-10][INFO ][com.example.demo.controller.MyHello.sayHello:28]{[END][<h1>Hello Nisha !!</h1>]}
[23:30:17.236][BHOLAS][http-nio-8001-exec-9][INFO ][com.example.demo.controller.MyHello.sayHello:22]{[START]}
[23:30:17.238][BHOLAS][http-nio-8001-exec-9][INFO ][com.example.demo.controller.MyHello.sayHello:28]{[END][<h1>Hello Nisha !!</h1>]}
[23:30:21.675][BHOLAS][http-nio-8001-exec-6][INFO ][com.example.demo.controller.MyHello.sayHello:22]{[START]}
[23:30:21.676][BHOLAS][http-nio-8001-exec-6][INFO ][com.example.demo.controller.MyHello.sayHello:28]{[END][<h1>Hello Sahil !!</h1>]}
[23:30:26.073][BHOLAS][http-nio-8001-exec-5][INFO ][com.example.demo.controller.MyHello.sayHello:22]{[START]}
[23:30:26.073][BHOLAS][http-nio-8001-exec-5][INFO ][com.example.demo.controller.MyHello.sayHello:28]{[END][<h1>Hello Bhola !!</h1>]}
