2018-05-28 13:36:08 - Neither @ContextConfiguration nor @ContextHierarchy found for test class [com.example.demo.SpringBootDemoApplicationTests], using SpringBootContextLoader
2018-05-28 13:36:08 - Could not detect default resource locations for test class [com.example.demo.SpringBootDemoApplicationTests]: no resource found for suffixes {-context.xml, Context.groovy}.
2018-05-28 13:36:08 - Could not detect default configuration classes for test class [com.example.demo.SpringBootDemoApplicationTests]: SpringBootDemoApplicationTests does not declare any static, non-private, non-final, nested classes annotated with @Configuration.
2018-05-28 13:36:09 - Found @SpringBootConfiguration com.example.demo.SpringBootDemoApplication for test class com.example.demo.SpringBootDemoApplicationTests
2018-05-28 13:36:10 - Loaded default TestExecutionListener class names from location [META-INF/spring.factories]: [org.springframework.boot.test.mock.mockito.MockitoTestExecutionListener, org.springframework.boot.test.mock.mockito.ResetMocksTestExecutionListener, org.springframework.boot.test.autoconfigure.restdocs.RestDocsTestExecutionListener, org.springframework.boot.test.autoconfigure.web.client.MockRestServiceServerResetTestExecutionListener, org.springframework.boot.test.autoconfigure.web.servlet.MockMvcPrintOnlyOnFailureTestExecutionListener, org.springframework.boot.test.autoconfigure.web.servlet.WebDriverTestExecutionListener, org.springframework.test.context.web.ServletTestExecutionListener, org.springframework.test.context.support.DirtiesContextBeforeModesTestExecutionListener, org.springframework.test.context.support.DependencyInjectionTestExecutionListener, org.springframework.test.context.support.DirtiesContextTestExecutionListener, org.springframework.test.context.transaction.TransactionalTestExecutionListener, org.springframework.test.context.jdbc.SqlScriptsTestExecutionListener]
2018-05-28 13:36:10 - Using TestExecutionListeners: [org.springframework.test.context.web.ServletTestExecutionListener@1e5415e, org.springframework.test.context.support.DirtiesContextBeforeModesTestExecutionListener@2431d0, org.springframework.boot.test.mock.mockito.MockitoTestExecutionListener@bb87f3, org.springframework.boot.test.autoconfigure.SpringBootDependencyInjectionTestExecutionListener@1a4013, org.springframework.test.context.support.DirtiesContextTestExecutionListener@16e1eff, org.springframework.boot.test.mock.mockito.ResetMocksTestExecutionListener@6f16f3, org.springframework.boot.test.autoconfigure.restdocs.RestDocsTestExecutionListener@2b8b12, org.springframework.boot.test.autoconfigure.web.client.MockRestServiceServerResetTestExecutionListener@e357dc, org.springframework.boot.test.autoconfigure.web.servlet.MockMvcPrintOnlyOnFailureTestExecutionListener@1912c99, org.springframework.boot.test.autoconfigure.web.servlet.WebDriverTestExecutionListener@10163d6]
2018-05-28 13:36:11 - Starting SpringBootDemoApplicationTests on BHOLAS with PID 19768 (started by BHOLAS in C:\Users\BHOLAS\workspace\springBootDemo)
2018-05-28 13:36:11 - No active profile set, falling back to default profiles: default
2018-05-28 13:36:11 - Refreshing org.springframework.web.context.support.GenericWebApplicationContext@fc5f04: startup date [Mon May 28 13:36:11 IST 2018]; root of context hierarchy
2018-05-28 13:36:16 - Mapped URL path [/**/favicon.ico] onto handler of type [class org.springframework.web.servlet.resource.ResourceHttpRequestHandler]
2018-05-28 13:36:16 - Looking for @ControllerAdvice: org.springframework.web.context.support.GenericWebApplicationContext@fc5f04: startup date [Mon May 28 13:36:11 IST 2018]; root of context hierarchy
2018-05-28 13:36:16 - Mapped "{[/hello/{nm}],methods=[GET],produces=[text/plain]}" onto public org.springframework.http.ResponseEntity<java.lang.String> com.example.demo.controller.MyHello.sayHello(java.lang.String)
2018-05-28 13:36:16 - Mapped "{[/error]}" onto public org.springframework.http.ResponseEntity<java.util.Map<java.lang.String, java.lang.Object>> org.springframework.boot.autoconfigure.web.servlet.error.BasicErrorController.error(javax.servlet.http.HttpServletRequest)
2018-05-28 13:36:16 - Mapped "{[/error],produces=[text/html]}" onto public org.springframework.web.servlet.ModelAndView org.springframework.boot.autoconfigure.web.servlet.error.BasicErrorController.errorHtml(javax.servlet.http.HttpServletRequest,javax.servlet.http.HttpServletResponse)
2018-05-28 13:36:16 - Mapped URL path [/webjars/**] onto handler of type [class org.springframework.web.servlet.resource.ResourceHttpRequestHandler]
2018-05-28 13:36:16 - Mapped URL path [/**] onto handler of type [class org.springframework.web.servlet.resource.ResourceHttpRequestHandler]
2018-05-28 13:36:16 - Adding welcome page: class path resource [public/index.html]
2018-05-28 13:36:17 - Started SpringBootDemoApplicationTests in 7.05 seconds (JVM running for 10.982)
2018-05-28 13:36:17 - Closing org.springframework.web.context.support.GenericWebApplicationContext@fc5f04: startup date [Mon May 28 13:36:11 IST 2018]; root of context hierarchy
2018-05-28 13:39:02 - [SpringBootDemoApplication.main][START]
2018-05-28 13:39:03 - Starting SpringBootDemoApplication on BHOLAS with PID 11376 (C:\Users\BHOLAS\workspace\springBootDemo\target\classes started by BHOLAS in C:\Users\BHOLAS\workspace\springBootDemo)
2018-05-28 13:39:03 - No active profile set, falling back to default profiles: default
2018-05-28 13:39:03 - Refreshing org.springframework.boot.web.servlet.context.AnnotationConfigServletWebServerApplicationContext@12a209c: startup date [Mon May 28 13:39:03 IST 2018]; root of context hierarchy
2018-05-28 13:39:05 - Tomcat initialized with port(s): 8001 (http)
2018-05-28 13:39:05 - Initializing ProtocolHandler ["http-nio-8001"]
2018-05-28 13:39:05 - Starting service [Tomcat]
2018-05-28 13:39:05 - Starting Servlet Engine: Apache Tomcat/8.5.31
2018-05-28 13:39:05 - The APR based Apache Tomcat Native library which allows optimal performance in production environments was not found on the java.library.path: [c:\Program Files (x86)\java\jdk1.8.0_45\bin;C:\WINDOWS\Sun\Java\bin;C:\WINDOWS\system32;C:\WINDOWS;C:\Program Files (x86)\NZXT\CAM\FPS\;C:/Program Files (x86)/Java/jre1.8.0_45/bin/client;C:/Program Files (x86)/Java/jre1.8.0_45/bin;C:/Program Files (x86)/Java/jre1.8.0_45/lib/i386;C:\Program Files\Broadcom\Broadcom 802.11;C:\OracleXE\app\oracle\product\11.2.0\server\bin;C:\ProgramData\Oracle\Java\javapath;C:\Program Files (x86)\Intel\iCLS Client\;C:\Program Files\Intel\iCLS Client\;C:\Windows\System32;C:\Windows;C:\Windows\System32\wbem;C:\Windows\System32\WindowsPowerShell\v1.0\;C:\Program Files\Hewlett-Packard\SimplePass\;C:\Program Files\Intel\Intel(R) Management Engine Components\DAL;C:\Program Files\Intel\Intel(R) Management Engine Components\IPT;C:\Program Files (x86)\Intel\Intel(R) Management Engine Components\DAL;C:\Program Files (x86)\Intel\Intel(R) Management Engine Components\IPT;C:\Program Files (x86)\FarStone\VIRTUA~1;C:\Program Files (x86)\FarStone\VirtualDrive\VDP;C:\Program Files (x86)\FarStone\VIRTUA~1\DVDCRE~1;C:\Program Files (x86)\QuickTime\QTSystem\;C:\Windows\System32;C:\Windows\System32\wbem;C:\Windows\System32\WindowsPowerShell\v1.0\;C:\Program Files (x86)\NVIDIA Corporation\PhysX\Common;C:\Program Files\MongoDB\Server\3.0\bin\;C:\Program Files\apache-maven-3.3.3\bin;C:\Program Files (x86)\Java\jdk1.8.0_45\bin;C:\Windows\System32;C:\Windows;C:\Windows\System32\wbem;C:\Windows\System32\WindowsPowerShell\v1.0\;C:\Users\BHOLAS\AppData\Roaming\Cloud Foundry;C:\Program Files\Git\cmd;C:\Program Files (x86)\Skype\Phone\;C:\Program Files (x86)\Java\jdk1.8.0_45;;C:\Users\BHOLAS\AppData\Local\Microsoft\WindowsApps;C:\Program Files\Docker Toolbox;C:\Program Files (x86)\Eclipse\eclipse-jee-oxygen-M2-win32\eclipse;;.]
2018-05-28 13:39:05 - Initializing Spring embedded WebApplicationContext
2018-05-28 13:39:05 - Root WebApplicationContext: initialization completed in 1921 ms
2018-05-28 13:39:05 - Servlet dispatcherServlet mapped to [/]
2018-05-28 13:39:05 - Mapping filter: 'characterEncodingFilter' to: [/*]
2018-05-28 13:39:05 - Mapping filter: 'hiddenHttpMethodFilter' to: [/*]
2018-05-28 13:39:05 - Mapping filter: 'httpPutFormContentFilter' to: [/*]
2018-05-28 13:39:05 - Mapping filter: 'requestContextFilter' to: [/*]
2018-05-28 13:39:05 - Mapped URL path [/**/favicon.ico] onto handler of type [class org.springframework.web.servlet.resource.ResourceHttpRequestHandler]
2018-05-28 13:39:05 - Looking for @ControllerAdvice: org.springframework.boot.web.servlet.context.AnnotationConfigServletWebServerApplicationContext@12a209c: startup date [Mon May 28 13:39:03 IST 2018]; root of context hierarchy
2018-05-28 13:39:05 - Mapped "{[/hello/{nm}],methods=[GET],produces=[text/plain]}" onto public org.springframework.http.ResponseEntity<java.lang.String> com.example.demo.controller.MyHello.sayHello(java.lang.String)
2018-05-28 13:39:05 - Mapped "{[/error]}" onto public org.springframework.http.ResponseEntity<java.util.Map<java.lang.String, java.lang.Object>> org.springframework.boot.autoconfigure.web.servlet.error.BasicErrorController.error(javax.servlet.http.HttpServletRequest)
2018-05-28 13:39:05 - Mapped "{[/error],produces=[text/html]}" onto public org.springframework.web.servlet.ModelAndView org.springframework.boot.autoconfigure.web.servlet.error.BasicErrorController.errorHtml(javax.servlet.http.HttpServletRequest,javax.servlet.http.HttpServletResponse)
2018-05-28 13:39:05 - Mapped URL path [/webjars/**] onto handler of type [class org.springframework.web.servlet.resource.ResourceHttpRequestHandler]
2018-05-28 13:39:05 - Mapped URL path [/**] onto handler of type [class org.springframework.web.servlet.resource.ResourceHttpRequestHandler]
2018-05-28 13:39:05 - Adding welcome page: class path resource [public/index.html]
2018-05-28 13:39:06 - Registering beans for JMX exposure on startup
2018-05-28 13:39:06 - Starting ProtocolHandler ["http-nio-8001"]
2018-05-28 13:39:06 - Using a shared selector for servlet write/read
2018-05-28 13:39:06 - Tomcat started on port(s): 8001 (http) with context path ''
2018-05-28 13:39:06 - Started SpringBootDemoApplication in 3.706 seconds (JVM running for 4.484)
2018-05-28 13:39:06 - [SpringBootDemoApplication.main][END]
2018-05-28 13:40:25 - Initializing Spring FrameworkServlet 'dispatcherServlet'
2018-05-28 13:40:25 - FrameworkServlet 'dispatcherServlet': initialization started
2018-05-28 13:40:25 - FrameworkServlet 'dispatcherServlet': initialization completed in 35 ms
