2018-05-13 13:26:54 - Initializing Spring FrameworkServlet 'dispatcherServlet'
2018-05-13 13:26:54 - FrameworkServlet 'dispatcherServlet': initialization started
2018-05-13 13:26:54 - FrameworkServlet 'dispatcherServlet': initialization completed in 22 ms
2018-05-13 13:26:54 - No mapping found for HTTP request with URI [/] in DispatcherServlet with name 'dispatcherServlet'
2018-05-13 13:26:58 - No mapping found for HTTP request with URI [/] in DispatcherServlet with name 'dispatcherServlet'
2018-05-13 13:27:05 - No mapping found for HTTP request with URI [/index.html] in DispatcherServlet with name 'dispatcherServlet'
2018-05-13 13:27:42 - [SpringBootDemoApplication.main][START]
2018-05-13 13:27:43 - Starting SpringBootDemoApplication on BHOLAS with PID 11888 (C:\Users\BHOLAS\workspace\springBootDemo\target\classes started by BHOLAS in C:\Users\BHOLAS\workspace\springBootDemo)
2018-05-13 13:27:43 - No active profile set, falling back to default profiles: default
2018-05-13 13:27:43 - Refreshing org.springframework.boot.web.servlet.context.AnnotationConfigServletWebServerApplicationContext@1677d1: startup date [Sun May 13 13:27:43 IST 2018]; root of context hierarchy
2018-05-13 13:27:44 - Tomcat initialized with port(s): 8001 (http)
2018-05-13 13:27:44 - Initializing ProtocolHandler ["http-nio-8001"]
2018-05-13 13:27:44 - Starting service [Tomcat]
2018-05-13 13:27:44 - Starting Servlet Engine: Apache Tomcat/8.5.31
2018-05-13 13:27:45 - The APR based Apache Tomcat Native library which allows optimal performance in production environments was not found on the java.library.path: [C:\Program Files (x86)\Java\jre1.8.0_45\bin;C:\WINDOWS\Sun\Java\bin;C:\WINDOWS\system32;C:\WINDOWS;C:\Program Files (x86)\NZXT\CAM\FPS\;C:/Program Files (x86)/Java/jre1.8.0_45/bin/client;C:/Program Files (x86)/Java/jre1.8.0_45/bin;C:/Program Files (x86)/Java/jre1.8.0_45/lib/i386;C:\Program Files\Broadcom\Broadcom 802.11;C:\OracleXE\app\oracle\product\11.2.0\server\bin;C:\ProgramData\Oracle\Java\javapath;C:\Program Files (x86)\Intel\iCLS Client\;C:\Program Files\Intel\iCLS Client\;C:\Windows\System32;C:\Windows;C:\Windows\System32\wbem;C:\Windows\System32\WindowsPowerShell\v1.0\;C:\Program Files\Hewlett-Packard\SimplePass\;C:\Program Files\Intel\Intel(R) Management Engine Components\DAL;C:\Program Files\Intel\Intel(R) Management Engine Components\IPT;C:\Program Files (x86)\Intel\Intel(R) Management Engine Components\DAL;C:\Program Files (x86)\Intel\Intel(R) Management Engine Components\IPT;C:\Program Files (x86)\FarStone\VIRTUA~1;C:\Program Files (x86)\FarStone\VirtualDrive\VDP;C:\Program Files (x86)\FarStone\VIRTUA~1\DVDCRE~1;C:\Program Files (x86)\QuickTime\QTSystem\;C:\Windows\System32;C:\Windows\System32\wbem;C:\Windows\System32\WindowsPowerShell\v1.0\;C:\Program Files (x86)\NVIDIA Corporation\PhysX\Common;C:\Program Files\MongoDB\Server\3.0\bin\;C:\Program Files\apache-maven-3.3.3\bin;C:\Program Files (x86)\Java\jdk1.8.0_45\bin;C:\Windows\System32;C:\Windows;C:\Windows\System32\wbem;C:\Windows\System32\WindowsPowerShell\v1.0\;C:\Users\BHOLAS\AppData\Roaming\Cloud Foundry;C:\Program Files\Git\cmd;C:\Program Files (x86)\Skype\Phone\;C:\Program Files (x86)\Java\jdk1.8.0_45;;C:\Users\BHOLAS\AppData\Local\Microsoft\WindowsApps;C:\Program Files\Docker Toolbox;C:\Program Files (x86)\Eclipse\eclipse-jee-oxygen-M2-win32\eclipse;;.]
2018-05-13 13:27:45 - Initializing Spring embedded WebApplicationContext
2018-05-13 13:27:45 - Root WebApplicationContext: initialization completed in 1728 ms
2018-05-13 13:27:45 - Servlet dispatcherServlet mapped to [/]
2018-05-13 13:27:45 - Mapping filter: 'characterEncodingFilter' to: [/*]
2018-05-13 13:27:45 - Mapped "{[/hello/{nm}],methods=[GET],produces=[text/plain]}" onto public org.springframework.http.ResponseEntity<java.lang.String> com.example.demo.controller.MyHello.sayHello(java.lang.String)
2018-05-13 13:27:45 - Mapped "{[/error]}" onto public org.springframework.http.ResponseEntity<java.util.Map<java.lang.String, java.lang.Object>> org.springframework.boot.autoconfigure.web.servlet.error.BasicErrorController.error(javax.servlet.http.HttpServletRequest)
2018-05-13 13:27:45 - Mapped "{[/error],produces=[text/html]}" onto public org.springframework.web.servlet.ModelAndView org.springframework.boot.autoconfigure.web.servlet.error.BasicErrorController.errorHtml(javax.servlet.http.HttpServletRequest,javax.servlet.http.HttpServletResponse)
2018-05-13 13:27:45 - Looking for @ControllerAdvice: org.springframework.boot.web.servlet.context.AnnotationConfigServletWebServerApplicationContext@1677d1: startup date [Sun May 13 13:27:43 IST 2018]; root of context hierarchy
2018-05-13 13:27:45 - Registering beans for JMX exposure on startup
2018-05-13 13:27:45 - Starting ProtocolHandler ["http-nio-8001"]
2018-05-13 13:27:45 - Using a shared selector for servlet write/read
2018-05-13 13:27:45 - Tomcat started on port(s): 8001 (http) with context path ''
2018-05-13 13:27:45 - Started SpringBootDemoApplication in 3.062 seconds (JVM running for 3.681)
2018-05-13 13:27:45 - [SpringBootDemoApplication.main][END]
2018-05-13 13:27:50 - Initializing Spring FrameworkServlet 'dispatcherServlet'
2018-05-13 13:27:50 - FrameworkServlet 'dispatcherServlet': initialization started
2018-05-13 13:27:50 - FrameworkServlet 'dispatcherServlet': initialization completed in 22 ms
2018-05-13 13:27:50 - No mapping found for HTTP request with URI [/index.html] in DispatcherServlet with name 'dispatcherServlet'
2018-05-13 13:27:55 - No mapping found for HTTP request with URI [/] in DispatcherServlet with name 'dispatcherServlet'
2018-05-13 13:27:59 - No mapping found for HTTP request with URI [/] in DispatcherServlet with name 'dispatcherServlet'
2018-05-13 15:03:03 - [SpringBootDemoApplication.main][START]
2018-05-13 15:03:04 - Starting SpringBootDemoApplication on BHOLAS with PID 5296 (C:\Users\BHOLAS\workspace\springBootDemo\target\classes started by BHOLAS in C:\Users\BHOLAS\workspace\springBootDemo)
2018-05-13 15:03:04 - No active profile set, falling back to default profiles: default
2018-05-13 15:03:04 - Refreshing org.springframework.boot.web.servlet.context.AnnotationConfigServletWebServerApplicationContext@e955a8: startup date [Sun May 13 15:03:04 IST 2018]; root of context hierarchy
2018-05-13 15:03:10 - [SpringBootDemoApplication.main][START]
2018-05-13 15:03:10 - Starting SpringBootDemoApplication on BHOLAS with PID 11964 (C:\Users\BHOLAS\workspace\springBootDemo\target\classes started by BHOLAS in C:\Users\BHOLAS\workspace\springBootDemo)
2018-05-13 15:03:10 - No active profile set, falling back to default profiles: default
2018-05-13 15:03:11 - Refreshing org.springframework.boot.web.servlet.context.AnnotationConfigServletWebServerApplicationContext@f1b17f: startup date [Sun May 13 15:03:11 IST 2018]; root of context hierarchy
2018-05-13 15:03:13 - Tomcat initialized with port(s): 8001 (http)
2018-05-13 15:03:13 - Initializing ProtocolHandler ["http-nio-8001"]
2018-05-13 15:03:13 - Starting service [Tomcat]
2018-05-13 15:03:13 - Starting Servlet Engine: Apache Tomcat/8.5.31
2018-05-13 15:03:13 - The APR based Apache Tomcat Native library which allows optimal performance in production environments was not found on the java.library.path: [C:\Program Files (x86)\Java\jre1.8.0_45\bin;C:\WINDOWS\Sun\Java\bin;C:\WINDOWS\system32;C:\WINDOWS;C:\Program Files (x86)\NZXT\CAM\FPS\;C:/Program Files (x86)/Java/jre1.8.0_45/bin/client;C:/Program Files (x86)/Java/jre1.8.0_45/bin;C:/Program Files (x86)/Java/jre1.8.0_45/lib/i386;C:\Program Files\Broadcom\Broadcom 802.11;C:\OracleXE\app\oracle\product\11.2.0\server\bin;C:\ProgramData\Oracle\Java\javapath;C:\Program Files (x86)\Intel\iCLS Client\;C:\Program Files\Intel\iCLS Client\;C:\Windows\System32;C:\Windows;C:\Windows\System32\wbem;C:\Windows\System32\WindowsPowerShell\v1.0\;C:\Program Files\Hewlett-Packard\SimplePass\;C:\Program Files\Intel\Intel(R) Management Engine Components\DAL;C:\Program Files\Intel\Intel(R) Management Engine Components\IPT;C:\Program Files (x86)\Intel\Intel(R) Management Engine Components\DAL;C:\Program Files (x86)\Intel\Intel(R) Management Engine Components\IPT;C:\Program Files (x86)\FarStone\VIRTUA~1;C:\Program Files (x86)\FarStone\VirtualDrive\VDP;C:\Program Files (x86)\FarStone\VIRTUA~1\DVDCRE~1;C:\Program Files (x86)\QuickTime\QTSystem\;C:\Windows\System32;C:\Windows\System32\wbem;C:\Windows\System32\WindowsPowerShell\v1.0\;C:\Program Files (x86)\NVIDIA Corporation\PhysX\Common;C:\Program Files\MongoDB\Server\3.0\bin\;C:\Program Files\apache-maven-3.3.3\bin;C:\Program Files (x86)\Java\jdk1.8.0_45\bin;C:\Windows\System32;C:\Windows;C:\Windows\System32\wbem;C:\Windows\System32\WindowsPowerShell\v1.0\;C:\Users\BHOLAS\AppData\Roaming\Cloud Foundry;C:\Program Files\Git\cmd;C:\Program Files (x86)\Skype\Phone\;C:\Program Files (x86)\Java\jdk1.8.0_45;;C:\Users\BHOLAS\AppData\Local\Microsoft\WindowsApps;C:\Program Files\Docker Toolbox;C:\Program Files (x86)\Eclipse\eclipse-jee-oxygen-M2-win32\eclipse;;.]
2018-05-13 15:03:13 - Initializing Spring embedded WebApplicationContext
2018-05-13 15:03:13 - Root WebApplicationContext: initialization completed in 2902 ms
2018-05-13 15:03:14 - Servlet dispatcherServlet mapped to [/]
2018-05-13 15:03:14 - Mapping filter: 'characterEncodingFilter' to: [/*]
2018-05-13 15:03:14 - Mapping filter: 'hiddenHttpMethodFilter' to: [/*]
2018-05-13 15:03:14 - Mapping filter: 'httpPutFormContentFilter' to: [/*]
2018-05-13 15:03:14 - Mapping filter: 'requestContextFilter' to: [/*]
2018-05-13 15:03:14 - Mapped URL path [/**/favicon.ico] onto handler of type [class org.springframework.web.servlet.resource.ResourceHttpRequestHandler]
2018-05-13 15:03:14 - Looking for @ControllerAdvice: org.springframework.boot.web.servlet.context.AnnotationConfigServletWebServerApplicationContext@f1b17f: startup date [Sun May 13 15:03:11 IST 2018]; root of context hierarchy
2018-05-13 15:03:14 - Mapped "{[/hello/{nm}],methods=[GET],produces=[text/plain]}" onto public org.springframework.http.ResponseEntity<java.lang.String> com.example.demo.controller.MyHello.sayHello(java.lang.String)
2018-05-13 15:03:14 - Mapped "{[/error]}" onto public org.springframework.http.ResponseEntity<java.util.Map<java.lang.String, java.lang.Object>> org.springframework.boot.autoconfigure.web.servlet.error.BasicErrorController.error(javax.servlet.http.HttpServletRequest)
2018-05-13 15:03:14 - Mapped "{[/error],produces=[text/html]}" onto public org.springframework.web.servlet.ModelAndView org.springframework.boot.autoconfigure.web.servlet.error.BasicErrorController.errorHtml(javax.servlet.http.HttpServletRequest,javax.servlet.http.HttpServletResponse)
2018-05-13 15:03:14 - Mapped URL path [/webjars/**] onto handler of type [class org.springframework.web.servlet.resource.ResourceHttpRequestHandler]
2018-05-13 15:03:14 - Mapped URL path [/**] onto handler of type [class org.springframework.web.servlet.resource.ResourceHttpRequestHandler]
2018-05-13 15:05:03 - Adding welcome page: class path resource [public/index.html]
2018-05-13 15:06:17 - Registering beans for JMX exposure on startup
2018-05-13 15:06:17 - Starting ProtocolHandler ["http-nio-8001"]
2018-05-13 15:06:17 - Using a shared selector for servlet write/read
2018-05-13 15:06:17 - Tomcat started on port(s): 8001 (http) with context path ''
2018-05-13 15:06:17 - Started SpringBootDemoApplication in 186.778 seconds (JVM running for 187.94)
2018-05-13 15:06:17 - [SpringBootDemoApplication.main][END]
2018-05-13 15:21:24 - Initializing Spring FrameworkServlet 'dispatcherServlet'
2018-05-13 15:21:24 - FrameworkServlet 'dispatcherServlet': initialization started
2018-05-13 15:21:25 - FrameworkServlet 'dispatcherServlet': initialization completed in 43 ms
2018-05-13 15:21:59 - [sayHello][START]
2018-05-13 15:22:01 - [sayHello][END][Hello undefined !!]
2018-05-13 15:30:05 - [sayHello][START]
2018-05-13 15:30:05 - [sayHello][END][Hello SAHIL !!]
2018-05-13 16:09:52 - Neither @ContextConfiguration nor @ContextHierarchy found for test class [com.example.demo.SpringBootDemoApplicationTests], using SpringBootContextLoader
2018-05-13 16:09:52 - Could not detect default resource locations for test class [com.example.demo.SpringBootDemoApplicationTests]: no resource found for suffixes {-context.xml, Context.groovy}.
2018-05-13 16:09:52 - Could not detect default configuration classes for test class [com.example.demo.SpringBootDemoApplicationTests]: SpringBootDemoApplicationTests does not declare any static, non-private, non-final, nested classes annotated with @Configuration.
2018-05-13 16:09:53 - Found @SpringBootConfiguration com.example.demo.SpringBootDemoApplication for test class com.example.demo.SpringBootDemoApplicationTests
2018-05-13 16:09:54 - Loaded default TestExecutionListener class names from location [META-INF/spring.factories]: [org.springframework.boot.test.mock.mockito.MockitoTestExecutionListener, org.springframework.boot.test.mock.mockito.ResetMocksTestExecutionListener, org.springframework.boot.test.autoconfigure.restdocs.RestDocsTestExecutionListener, org.springframework.boot.test.autoconfigure.web.client.MockRestServiceServerResetTestExecutionListener, org.springframework.boot.test.autoconfigure.web.servlet.MockMvcPrintOnlyOnFailureTestExecutionListener, org.springframework.boot.test.autoconfigure.web.servlet.WebDriverTestExecutionListener, org.springframework.test.context.web.ServletTestExecutionListener, org.springframework.test.context.support.DirtiesContextBeforeModesTestExecutionListener, org.springframework.test.context.support.DependencyInjectionTestExecutionListener, org.springframework.test.context.support.DirtiesContextTestExecutionListener, org.springframework.test.context.transaction.TransactionalTestExecutionListener, org.springframework.test.context.jdbc.SqlScriptsTestExecutionListener]
2018-05-13 16:09:54 - Using TestExecutionListeners: [org.springframework.test.context.web.ServletTestExecutionListener@1e5415e, org.springframework.test.context.support.DirtiesContextBeforeModesTestExecutionListener@2431d0, org.springframework.boot.test.mock.mockito.MockitoTestExecutionListener@bb87f3, org.springframework.boot.test.autoconfigure.SpringBootDependencyInjectionTestExecutionListener@1a4013, org.springframework.test.context.support.DirtiesContextTestExecutionListener@16e1eff, org.springframework.boot.test.mock.mockito.ResetMocksTestExecutionListener@6f16f3, org.springframework.boot.test.autoconfigure.restdocs.RestDocsTestExecutionListener@2b8b12, org.springframework.boot.test.autoconfigure.web.client.MockRestServiceServerResetTestExecutionListener@e357dc, org.springframework.boot.test.autoconfigure.web.servlet.MockMvcPrintOnlyOnFailureTestExecutionListener@1912c99, org.springframework.boot.test.autoconfigure.web.servlet.WebDriverTestExecutionListener@10163d6]
2018-05-13 16:09:56 - Starting SpringBootDemoApplicationTests on BHOLAS with PID 12852 (started by BHOLAS in C:\Users\BHOLAS\workspace\springBootDemo)
2018-05-13 16:09:56 - No active profile set, falling back to default profiles: default
2018-05-13 16:09:56 - Refreshing org.springframework.web.context.support.GenericWebApplicationContext@fc5f04: startup date [Sun May 13 16:09:56 IST 2018]; root of context hierarchy
2018-05-13 16:10:01 - Mapped URL path [/**/favicon.ico] onto handler of type [class org.springframework.web.servlet.resource.ResourceHttpRequestHandler]
2018-05-13 16:10:01 - Looking for @ControllerAdvice: org.springframework.web.context.support.GenericWebApplicationContext@fc5f04: startup date [Sun May 13 16:09:56 IST 2018]; root of context hierarchy
2018-05-13 16:10:01 - Mapped "{[/hello/{nm}],methods=[GET],produces=[text/plain]}" onto public org.springframework.http.ResponseEntity<java.lang.String> com.example.demo.controller.MyHello.sayHello(java.lang.String)
2018-05-13 16:10:01 - Mapped "{[/error]}" onto public org.springframework.http.ResponseEntity<java.util.Map<java.lang.String, java.lang.Object>> org.springframework.boot.autoconfigure.web.servlet.error.BasicErrorController.error(javax.servlet.http.HttpServletRequest)
2018-05-13 16:10:01 - Mapped "{[/error],produces=[text/html]}" onto public org.springframework.web.servlet.ModelAndView org.springframework.boot.autoconfigure.web.servlet.error.BasicErrorController.errorHtml(javax.servlet.http.HttpServletRequest,javax.servlet.http.HttpServletResponse)
2018-05-13 16:10:01 - Mapped URL path [/webjars/**] onto handler of type [class org.springframework.web.servlet.resource.ResourceHttpRequestHandler]
2018-05-13 16:10:01 - Mapped URL path [/**] onto handler of type [class org.springframework.web.servlet.resource.ResourceHttpRequestHandler]
2018-05-13 16:10:02 - Adding welcome page: class path resource [public/index.html]
2018-05-13 16:10:02 - Started SpringBootDemoApplicationTests in 8.072 seconds (JVM running for 13.466)
2018-05-13 16:10:03 - Closing org.springframework.web.context.support.GenericWebApplicationContext@fc5f04: startup date [Sun May 13 16:09:56 IST 2018]; root of context hierarchy
2018-05-13 18:04:15 - Neither @ContextConfiguration nor @ContextHierarchy found for test class [com.example.demo.SpringBootDemoApplicationTests], using SpringBootContextLoader
2018-05-13 18:04:15 - Could not detect default resource locations for test class [com.example.demo.SpringBootDemoApplicationTests]: no resource found for suffixes {-context.xml, Context.groovy}.
2018-05-13 18:04:15 - Could not detect default configuration classes for test class [com.example.demo.SpringBootDemoApplicationTests]: SpringBootDemoApplicationTests does not declare any static, non-private, non-final, nested classes annotated with @Configuration.
2018-05-13 18:04:15 - Found @SpringBootConfiguration com.example.demo.SpringBootDemoApplication for test class com.example.demo.SpringBootDemoApplicationTests
2018-05-13 18:04:16 - Loaded default TestExecutionListener class names from location [META-INF/spring.factories]: [org.springframework.boot.test.mock.mockito.MockitoTestExecutionListener, org.springframework.boot.test.mock.mockito.ResetMocksTestExecutionListener, org.springframework.boot.test.autoconfigure.restdocs.RestDocsTestExecutionListener, org.springframework.boot.test.autoconfigure.web.client.MockRestServiceServerResetTestExecutionListener, org.springframework.boot.test.autoconfigure.web.servlet.MockMvcPrintOnlyOnFailureTestExecutionListener, org.springframework.boot.test.autoconfigure.web.servlet.WebDriverTestExecutionListener, org.springframework.test.context.web.ServletTestExecutionListener, org.springframework.test.context.support.DirtiesContextBeforeModesTestExecutionListener, org.springframework.test.context.support.DependencyInjectionTestExecutionListener, org.springframework.test.context.support.DirtiesContextTestExecutionListener, org.springframework.test.context.transaction.TransactionalTestExecutionListener, org.springframework.test.context.jdbc.SqlScriptsTestExecutionListener]
2018-05-13 18:04:16 - Using TestExecutionListeners: [org.springframework.test.context.web.ServletTestExecutionListener@1e5415e, org.springframework.test.context.support.DirtiesContextBeforeModesTestExecutionListener@2431d0, org.springframework.boot.test.mock.mockito.MockitoTestExecutionListener@bb87f3, org.springframework.boot.test.autoconfigure.SpringBootDependencyInjectionTestExecutionListener@1a4013, org.springframework.test.context.support.DirtiesContextTestExecutionListener@16e1eff, org.springframework.boot.test.mock.mockito.ResetMocksTestExecutionListener@6f16f3, org.springframework.boot.test.autoconfigure.restdocs.RestDocsTestExecutionListener@2b8b12, org.springframework.boot.test.autoconfigure.web.client.MockRestServiceServerResetTestExecutionListener@e357dc, org.springframework.boot.test.autoconfigure.web.servlet.MockMvcPrintOnlyOnFailureTestExecutionListener@1912c99, org.springframework.boot.test.autoconfigure.web.servlet.WebDriverTestExecutionListener@10163d6]
2018-05-13 18:04:16 - Starting SpringBootDemoApplicationTests on BHOLAS with PID 5228 (started by BHOLAS in C:\Users\BHOLAS\workspace\springBootDemo)
2018-05-13 18:04:16 - No active profile set, falling back to default profiles: default
2018-05-13 18:04:16 - Refreshing org.springframework.web.context.support.GenericWebApplicationContext@fc5f04: startup date [Sun May 13 18:04:16 IST 2018]; root of context hierarchy
2018-05-13 18:04:18 - Mapped URL path [/**/favicon.ico] onto handler of type [class org.springframework.web.servlet.resource.ResourceHttpRequestHandler]
2018-05-13 18:04:18 - Looking for @ControllerAdvice: org.springframework.web.context.support.GenericWebApplicationContext@fc5f04: startup date [Sun May 13 18:04:16 IST 2018]; root of context hierarchy
2018-05-13 18:04:18 - Mapped "{[/hello/{nm}],methods=[GET],produces=[text/plain]}" onto public org.springframework.http.ResponseEntity<java.lang.String> com.example.demo.controller.MyHello.sayHello(java.lang.String)
2018-05-13 18:04:18 - Mapped "{[/error]}" onto public org.springframework.http.ResponseEntity<java.util.Map<java.lang.String, java.lang.Object>> org.springframework.boot.autoconfigure.web.servlet.error.BasicErrorController.error(javax.servlet.http.HttpServletRequest)
2018-05-13 18:04:18 - Mapped "{[/error],produces=[text/html]}" onto public org.springframework.web.servlet.ModelAndView org.springframework.boot.autoconfigure.web.servlet.error.BasicErrorController.errorHtml(javax.servlet.http.HttpServletRequest,javax.servlet.http.HttpServletResponse)
2018-05-13 18:04:18 - Mapped URL path [/webjars/**] onto handler of type [class org.springframework.web.servlet.resource.ResourceHttpRequestHandler]
2018-05-13 18:04:18 - Mapped URL path [/**] onto handler of type [class org.springframework.web.servlet.resource.ResourceHttpRequestHandler]
2018-05-13 18:04:18 - Adding welcome page: class path resource [public/index.html]
2018-05-13 18:04:18 - Started SpringBootDemoApplicationTests in 2.679 seconds (JVM running for 3.929)
2018-05-13 18:04:18 - Closing org.springframework.web.context.support.GenericWebApplicationContext@fc5f04: startup date [Sun May 13 18:04:16 IST 2018]; root of context hierarchy
2018-05-13 18:18:33 - Neither @ContextConfiguration nor @ContextHierarchy found for test class [com.example.demo.SpringBootDemoApplicationTests], using SpringBootContextLoader
2018-05-13 18:18:33 - Could not detect default resource locations for test class [com.example.demo.SpringBootDemoApplicationTests]: no resource found for suffixes {-context.xml, Context.groovy}.
2018-05-13 18:18:33 - Could not detect default configuration classes for test class [com.example.demo.SpringBootDemoApplicationTests]: SpringBootDemoApplicationTests does not declare any static, non-private, non-final, nested classes annotated with @Configuration.
2018-05-13 18:18:34 - Found @SpringBootConfiguration com.example.demo.SpringBootDemoApplication for test class com.example.demo.SpringBootDemoApplicationTests
2018-05-13 18:18:34 - Loaded default TestExecutionListener class names from location [META-INF/spring.factories]: [org.springframework.boot.test.mock.mockito.MockitoTestExecutionListener, org.springframework.boot.test.mock.mockito.ResetMocksTestExecutionListener, org.springframework.boot.test.autoconfigure.restdocs.RestDocsTestExecutionListener, org.springframework.boot.test.autoconfigure.web.client.MockRestServiceServerResetTestExecutionListener, org.springframework.boot.test.autoconfigure.web.servlet.MockMvcPrintOnlyOnFailureTestExecutionListener, org.springframework.boot.test.autoconfigure.web.servlet.WebDriverTestExecutionListener, org.springframework.test.context.web.ServletTestExecutionListener, org.springframework.test.context.support.DirtiesContextBeforeModesTestExecutionListener, org.springframework.test.context.support.DependencyInjectionTestExecutionListener, org.springframework.test.context.support.DirtiesContextTestExecutionListener, org.springframework.test.context.transaction.TransactionalTestExecutionListener, org.springframework.test.context.jdbc.SqlScriptsTestExecutionListener]
2018-05-13 18:18:34 - Using TestExecutionListeners: [org.springframework.test.context.web.ServletTestExecutionListener@2431d0, org.springframework.test.context.support.DirtiesContextBeforeModesTestExecutionListener@bb87f3, org.springframework.boot.test.mock.mockito.MockitoTestExecutionListener@1a4013, org.springframework.boot.test.autoconfigure.SpringBootDependencyInjectionTestExecutionListener@16e1eff, org.springframework.test.context.support.DirtiesContextTestExecutionListener@6f16f3, org.springframework.boot.test.mock.mockito.ResetMocksTestExecutionListener@2b8b12, org.springframework.boot.test.autoconfigure.restdocs.RestDocsTestExecutionListener@e357dc, org.springframework.boot.test.autoconfigure.web.client.MockRestServiceServerResetTestExecutionListener@1912c99, org.springframework.boot.test.autoconfigure.web.servlet.MockMvcPrintOnlyOnFailureTestExecutionListener@10163d6, org.springframework.boot.test.autoconfigure.web.servlet.WebDriverTestExecutionListener@1de1bff]
2018-05-13 18:18:34 - Starting SpringBootDemoApplicationTests on BHOLAS with PID 14016 (started by BHOLAS in C:\Users\BHOLAS\workspace\springBootDemo)
2018-05-13 18:18:34 - No active profile set, falling back to default profiles: default
2018-05-13 18:18:34 - Refreshing org.springframework.web.context.support.GenericWebApplicationContext@fc5f04: startup date [Sun May 13 18:18:34 IST 2018]; root of context hierarchy
2018-05-13 18:18:36 - Mapped URL path [/**/favicon.ico] onto handler of type [class org.springframework.web.servlet.resource.ResourceHttpRequestHandler]
2018-05-13 18:18:36 - Looking for @ControllerAdvice: org.springframework.web.context.support.GenericWebApplicationContext@fc5f04: startup date [Sun May 13 18:18:34 IST 2018]; root of context hierarchy
2018-05-13 18:18:36 - Mapped "{[/hello/{nm}],methods=[GET],produces=[text/plain]}" onto public org.springframework.http.ResponseEntity<java.lang.String> com.example.demo.controller.MyHello.sayHello(java.lang.String)
2018-05-13 18:18:36 - Mapped "{[/error]}" onto public org.springframework.http.ResponseEntity<java.util.Map<java.lang.String, java.lang.Object>> org.springframework.boot.autoconfigure.web.servlet.error.BasicErrorController.error(javax.servlet.http.HttpServletRequest)
2018-05-13 18:18:36 - Mapped "{[/error],produces=[text/html]}" onto public org.springframework.web.servlet.ModelAndView org.springframework.boot.autoconfigure.web.servlet.error.BasicErrorController.errorHtml(javax.servlet.http.HttpServletRequest,javax.servlet.http.HttpServletResponse)
2018-05-13 18:18:36 - Mapped URL path [/webjars/**] onto handler of type [class org.springframework.web.servlet.resource.ResourceHttpRequestHandler]
2018-05-13 18:18:36 - Mapped URL path [/**] onto handler of type [class org.springframework.web.servlet.resource.ResourceHttpRequestHandler]
2018-05-13 18:18:36 - Adding welcome page: class path resource [public/index.html]
2018-05-13 18:18:37 - Started SpringBootDemoApplicationTests in 2.815 seconds (JVM running for 4.09)
2018-05-13 18:18:37 - Closing org.springframework.web.context.support.GenericWebApplicationContext@fc5f04: startup date [Sun May 13 18:18:34 IST 2018]; root of context hierarchy
